<?xml version="1.0" encoding="UTF-8"?>
<!-- Generated by org.testng.reporters.JUnitXMLReporter -->
<testsuite ignored="0" hostname="DESKTOP-Q82T3AI" failures="0" tests="3" name="Default test" time="33.413" errors="0" timestamp="2023-08-01T19:23:23 IST">
  <testcase classname="eCommr.Myntra" name="MyntraTest" time="15.532"/>
  <testcase classname="eCommr.Flipkart" name="Flipkart_Test" time="9.463"/>
  <testcase classname="eCommr.Amazon" name="AmazonTest" time="8.325"/>
</testsuite> <!-- Default test -->
