<?xml version="1.0" encoding="UTF-8"?>
<testng-results ignored="0" total="3" passed="3" failed="0" skipped="0">
  <reporter-output>
  </reporter-output>
  <suite started-at="2023-08-01T19:22:50 IST" name="Default suite" finished-at="2023-08-01T19:23:23 IST" duration-ms="33413">
    <groups>
    </groups>
    <test started-at="2023-08-01T19:22:50 IST" name="Default test" finished-at="2023-08-01T19:23:23 IST" duration-ms="33413">
      <class name="eCommr.Myntra">
        <test-method signature="MyntraTest()[pri:0, instance:eCommr.Myntra@479d31f3]" started-at="2023-08-01T19:22:50 IST" name="MyntraTest" finished-at="2023-08-01T19:23:06 IST" duration-ms="15532" status="PASS">
          <reporter-output>
          </reporter-output>
        </test-method> <!-- MyntraTest -->
      </class> <!-- eCommr.Myntra -->
      <class name="eCommr.Flipkart">
        <test-method signature="Flipkart_Test()[pri:0, instance:eCommr.Flipkart@61862a7f]" started-at="2023-08-01T19:23:06 IST" name="Flipkart_Test" finished-at="2023-08-01T19:23:15 IST" duration-ms="9463" status="PASS">
          <reporter-output>
          </reporter-output>
        </test-method> <!-- Flipkart_Test -->
      </class> <!-- eCommr.Flipkart -->
      <class name="eCommr.Amazon">
        <test-method signature="AmazonTest()[pri:0, instance:eCommr.Amazon@441772e]" started-at="2023-08-01T19:23:15 IST" name="AmazonTest" finished-at="2023-08-01T19:23:23 IST" duration-ms="8325" status="PASS">
          <reporter-output>
          </reporter-output>
        </test-method> <!-- AmazonTest -->
      </class> <!-- eCommr.Amazon -->
    </test> <!-- Default test -->
  </suite> <!-- Default suite -->
</testng-results>
