<?xml version="1.0" encoding="UTF-8"?>
<testng-results ignored="0" total="2" passed="2" failed="0" skipped="0">
  <reporter-output>
  </reporter-output>
  <suite started-at="2023-08-01T16:17:59 IST" name="Default suite" finished-at="2023-08-01T16:18:52 IST" duration-ms="52961">
    <groups>
    </groups>
    <test started-at="2023-08-01T16:17:59 IST" name="Default test" finished-at="2023-08-01T16:18:52 IST" duration-ms="52961">
      <class name="eCommr.Myntra">
        <test-method signature="MyntraTest()[pri:0, instance:eCommr.Myntra@43195e57]" started-at="2023-08-01T16:17:59 IST" name="MyntraTest" finished-at="2023-08-01T16:18:34 IST" duration-ms="35176" status="PASS">
          <reporter-output>
          </reporter-output>
        </test-method> <!-- MyntraTest -->
      </class> <!-- eCommr.Myntra -->
      <class name="eCommr.Amazon">
        <test-method signature="AmazonTest()[pri:0, instance:eCommr.Amazon@dbf57b3]" started-at="2023-08-01T16:18:34 IST" name="AmazonTest" finished-at="2023-08-01T16:18:52 IST" duration-ms="17683" status="PASS">
          <reporter-output>
          </reporter-output>
        </test-method> <!-- AmazonTest -->
      </class> <!-- eCommr.Amazon -->
    </test> <!-- Default test -->
  </suite> <!-- Default suite -->
</testng-results>
